<?xml version="1.0" encoding="UTF-8"?>
<!-- Generated by org.testng.reporters.JUnitReportReporter -->
<testsuite skipped="0" hostname="HP" name="week6.day2.CreateLeadNeg" tests="3" failures="0" timestamp="29 Jul 2018 07:01:29 GMT" time="91.511" errors="0">
  <testcase name="createLead" time="36.714" classname="week6.day2.CreateLeadNeg"/>
  <testcase name="createLead" time="29.479" classname="week6.day2.CreateLeadNeg"/>
  <testcase name="createLead" time="25.318" classname="week6.day2.CreateLeadNeg"/>
</testsuite> <!-- week6.day2.CreateLeadNeg -->
