<?xml version="1.0" encoding="UTF-8"?>
<!-- Generated by org.testng.reporters.JUnitReportReporter -->
<testsuite skipped="0" hostname="HP" name="week6.day1.ReadFromExcel" tests="1" failures="0" timestamp="28 Jul 2018 04:27:27 GMT" time="1.417" errors="0">
  <testcase name="readexcel" time="1.417" classname="week6.day1.ReadFromExcel"/>
</testsuite> <!-- week6.day1.ReadFromExcel -->
