<?xml version="1.0" encoding="UTF-8"?>
<!-- Generated by org.testng.reporters.JUnitReportReporter -->
<testsuite skipped="0" hostname="HP" name="week5.day1.CreateLead" tests="1" failures="0" timestamp="21 Jul 2018 07:47:20 GMT" time="24.253" errors="0">
  <testcase name="createLead" time="24.253" classname="week5.day1.CreateLead"/>
</testsuite> <!-- week5.day1.CreateLead -->
