<?xml version="1.0" encoding="UTF-8"?>
<!-- Generated by org.testng.reporters.JUnitReportReporter -->
<testsuite skipped="1" hostname="HP" name="week5.day1.MergeLead" tests="1" failures="0" timestamp="21 Jul 2018 07:03:26 GMT" time="0.000" errors="0">
  <testcase name="mergeLead" time="0.000" classname="week5.day1.MergeLead">
    <skipped/>
  </testcase> <!-- mergeLead -->
</testsuite> <!-- week5.day1.MergeLead -->
