<?xml version="1.0" encoding="UTF-8"?>
<!-- Generated by org.testng.reporters.JUnitReportReporter -->
<testsuite skipped="0" hostname="HP" name="week6.day2.CreateLead" tests="3" failures="0" timestamp="29 Jul 2018 06:53:13 GMT" time="123.733" errors="0">
  <testcase name="createLead" time="48.510" classname="week6.day2.CreateLead"/>
  <testcase name="createLead" time="44.920" classname="week6.day2.CreateLead"/>
  <testcase name="createLead" time="30.303" classname="week6.day2.CreateLead"/>
</testsuite> <!-- week6.day2.CreateLead -->
