<?xml version="1.0" encoding="UTF-8"?>
<!-- Generated by org.testng.reporters.JUnitReportReporter -->
<testsuite skipped="0" hostname="HP" name="week5.day1.Login" tests="1" failures="0" timestamp="21 Jul 2018 05:22:59 GMT" time="19.592" errors="0">
  <testcase name="login" time="19.592" classname="week5.day1.Login"/>
</testsuite> <!-- week5.day1.Login -->
